<?xml version="1.0" encoding="UTF-8"?>
<!-- Generated by org.testng.reporters.JUnitReportReporter -->
<testsuite hostname="1-PC0PJ1VX-2" failures="0" tests="2" name="day1.HTTPRequest" time="5.190" errors="0" timestamp="2023-04-10T15:40:16 IST" skipped="0">
  <testcase classname="day1.HTTPRequest" name="getUsersData" time="4.633"/>
  <system-out/>
  <testcase classname="day1.HTTPRequest" name="creatUsers" time="0.557"/>
  <system-out/>
</testsuite> <!-- day1.HTTPRequest -->
